{"C:\\Users\\sukhadanga\\Desktop\\Leave Management System\\leave-management-system-nodejs-graphql\\src\\config\\Authorize.ts": {"path":"C:\\Users\\sukhadanga\\Desktop\\Leave Management System\\leave-management-system-nodejs-graphql\\src\\config\\Authorize.ts","statementMap":{"0":{"start":{"line":2,"column":0},"end":{"line":2,"column":33}},"1":{"start":{"line":4,"column":33},"end":{"line":14,"column":1}},"2":{"start":{"line":5,"column":4},"end":{"line":13,"column":6}},"3":{"start":{"line":4,"column":13},"end":{"line":4,"column":33}}},"fnMap":{"0":{"name":"(anonymous_0)","decl":{"start":{"line":4,"column":33},"end":{"line":4,"column":34}},"loc":{"start":{"line":4,"column":47},"end":{"line":14,"column":1}}}},"branchMap":{},"s":{"0":2,"1":2,"2":3,"3":2},"f":{"0":3},"b":{}}
,"C:\\Users\\sukhadanga\\Desktop\\Leave Management System\\leave-management-system-nodejs-graphql\\src\\decorators\\isEmailAlreadyExist.ts": {"path":"C:\\Users\\sukhadanga\\Desktop\\Leave Management System\\leave-management-system-nodejs-graphql\\src\\decorators\\isEmailAlreadyExist.ts","statementMap":{"0":{"start":{"line":1,"column":0},"end":{"line":1,"column":null}},"1":{"start":{"line":8,"column":0},"end":{"line":8,"column":38}},"2":{"start":{"line":11,"column":0},"end":{"line":18,"column":null}},"3":{"start":{"line":13,"column":8},"end":{"line":16,"column":null}},"4":{"start":{"line":14,"column":12},"end":{"line":14,"column":34}},"5":{"start":{"line":14,"column":21},"end":{"line":14,"column":34}},"6":{"start":{"line":15,"column":12},"end":{"line":15,"column":24}},"7":{"start":{"line":11,"column":13},"end":{"line":18,"column":null}},"8":{"start":{"line":11,"column":13},"end":{"line":11,"column":42}},"9":{"start":{"line":21,"column":4},"end":{"line":29,"column":null}},"10":{"start":{"line":22,"column":8},"end":{"line":28,"column":null}},"11":{"start":{"line":20,"column":0},"end":{"line":20,"column":16}}},"fnMap":{"0":{"name":"(anonymous_1)","decl":{"start":{"line":12,"column":4},"end":{"line":12,"column":12}},"loc":{"start":{"line":12,"column":25},"end":{"line":17,"column":5}}},"1":{"name":"(anonymous_2)","decl":{"start":{"line":13,"column":50},"end":{"line":13,"column":54}},"loc":{"start":{"line":13,"column":57},"end":{"line":16,"column":9}}},"2":{"name":"IsEmailAlreadyExist","decl":{"start":{"line":20,"column":16},"end":{"line":20,"column":35}},"loc":{"start":{"line":20,"column":73},"end":{"line":30,"column":1}}},"3":{"name":"(anonymous_4)","decl":{"start":{"line":21,"column":11},"end":{"line":21,"column":20}},"loc":{"start":{"line":21,"column":54},"end":{"line":29,"column":5}}}},"branchMap":{"0":{"loc":{"start":{"line":14,"column":12},"end":{"line":14,"column":34}},"type":"if","locations":[{"start":{"line":14,"column":12},"end":{"line":14,"column":34}}]}},"s":{"0":2,"1":2,"2":2,"3":2,"4":2,"5":1,"6":1,"7":2,"8":2,"9":2,"10":2,"11":2},"f":{"0":2,"1":2,"2":2,"3":2},"b":{"0":[1]}}
,"C:\\Users\\sukhadanga\\Desktop\\Leave Management System\\leave-management-system-nodejs-graphql\\src\\entity\\Leave.ts": {"path":"C:\\Users\\sukhadanga\\Desktop\\Leave Management System\\leave-management-system-nodejs-graphql\\src\\entity\\Leave.ts","statementMap":{"0":{"start":{"line":1,"column":0},"end":{"line":1,"column":53}},"1":{"start":{"line":2,"column":0},"end":{"line":2,"column":88}},"2":{"start":{"line":3,"column":0},"end":{"line":3,"column":30}},"3":{"start":{"line":7,"column":0},"end":{"line":27,"column":null}},"4":{"start":{"line":11,"column":4},"end":{"line":11,"column":null}},"5":{"start":{"line":9,"column":15},"end":{"line":9,"column":17}},"6":{"start":{"line":15,"column":4},"end":{"line":15,"column":null}},"7":{"start":{"line":19,"column":4},"end":{"line":19,"column":null}},"8":{"start":{"line":23,"column":4},"end":{"line":23,"column":null}},"9":{"start":{"line":26,"column":4},"end":{"line":26,"column":null}},"10":{"start":{"line":25,"column":24},"end":{"line":25,"column":28}},"11":{"start":{"line":25,"column":38},"end":{"line":25,"column":49}},"12":{"start":{"line":7,"column":13},"end":{"line":27,"column":null}},"13":{"start":{"line":7,"column":13},"end":{"line":7,"column":18}}},"fnMap":{"0":{"name":"(anonymous_2)","decl":{"start":{"line":9,"column":11},"end":{"line":9,"column":13}},"loc":{"start":{"line":9,"column":15},"end":{"line":9,"column":17}}},"1":{"name":"(anonymous_3)","decl":{"start":{"line":25,"column":15},"end":{"line":25,"column":20}},"loc":{"start":{"line":25,"column":24},"end":{"line":25,"column":28}}},"2":{"name":"(anonymous_4)","decl":{"start":{"line":25,"column":30},"end":{"line":25,"column":34}},"loc":{"start":{"line":25,"column":38},"end":{"line":25,"column":49}}}},"branchMap":{},"s":{"0":2,"1":2,"2":2,"3":2,"4":2,"5":2,"6":2,"7":2,"8":2,"9":2,"10":2,"11":2,"12":2,"13":2},"f":{"0":2,"1":2,"2":2},"b":{}}
,"C:\\Users\\sukhadanga\\Desktop\\Leave Management System\\leave-management-system-nodejs-graphql\\src\\entity\\User.ts": {"path":"C:\\Users\\sukhadanga\\Desktop\\Leave Management System\\leave-management-system-nodejs-graphql\\src\\entity\\User.ts","statementMap":{"0":{"start":{"line":1,"column":0},"end":{"line":1,"column":38}},"1":{"start":{"line":2,"column":0},"end":{"line":2,"column":57}},"2":{"start":{"line":3,"column":0},"end":{"line":3,"column":88}},"3":{"start":{"line":4,"column":0},"end":{"line":4,"column":32}},"4":{"start":{"line":8,"column":0},"end":{"line":33,"column":null}},"5":{"start":{"line":12,"column":4},"end":{"line":12,"column":null}},"6":{"start":{"line":10,"column":16},"end":{"line":10,"column":18}},"7":{"start":{"line":16,"column":4},"end":{"line":16,"column":null}},"8":{"start":{"line":20,"column":4},"end":{"line":20,"column":null}},"9":{"start":{"line":23,"column":4},"end":{"line":23,"column":null}},"10":{"start":{"line":28,"column":4},"end":{"line":28,"column":null}},"11":{"start":{"line":25,"column":16},"end":{"line":25,"column":19}},"12":{"start":{"line":32,"column":4},"end":{"line":32,"column":null}},"13":{"start":{"line":30,"column":15},"end":{"line":30,"column":22}},"14":{"start":{"line":31,"column":24},"end":{"line":31,"column":29}},"15":{"start":{"line":31,"column":40},"end":{"line":31,"column":50}},"16":{"start":{"line":8,"column":13},"end":{"line":33,"column":null}},"17":{"start":{"line":8,"column":13},"end":{"line":8,"column":17}}},"fnMap":{"0":{"name":"(anonymous_2)","decl":{"start":{"line":10,"column":11},"end":{"line":10,"column":13}},"loc":{"start":{"line":10,"column":16},"end":{"line":10,"column":18}}},"1":{"name":"(anonymous_3)","decl":{"start":{"line":25,"column":11},"end":{"line":25,"column":13}},"loc":{"start":{"line":25,"column":16},"end":{"line":25,"column":19}}},"2":{"name":"(anonymous_4)","decl":{"start":{"line":30,"column":11},"end":{"line":30,"column":13}},"loc":{"start":{"line":30,"column":15},"end":{"line":30,"column":22}}},"3":{"name":"(anonymous_5)","decl":{"start":{"line":31,"column":15},"end":{"line":31,"column":20}},"loc":{"start":{"line":31,"column":24},"end":{"line":31,"column":29}}},"4":{"name":"(anonymous_6)","decl":{"start":{"line":31,"column":31},"end":{"line":31,"column":36}},"loc":{"start":{"line":31,"column":40},"end":{"line":31,"column":50}}}},"branchMap":{},"s":{"0":2,"1":2,"2":2,"3":2,"4":2,"5":2,"6":2,"7":2,"8":2,"9":2,"10":2,"11":2,"12":2,"13":2,"14":2,"15":2,"16":2,"17":2},"f":{"0":2,"1":2,"2":2,"3":2,"4":2},"b":{}}
,"C:\\Users\\sukhadanga\\Desktop\\Leave Management System\\leave-management-system-nodejs-graphql\\src\\resolvers\\LeaveResolver.ts": {"path":"C:\\Users\\sukhadanga\\Desktop\\Leave Management System\\leave-management-system-nodejs-graphql\\src\\resolvers\\LeaveResolver.ts","statementMap":{"0":{"start":{"line":1,"column":0},"end":{"line":1,"column":40}},"1":{"start":{"line":2,"column":0},"end":{"line":2,"column":117}},"2":{"start":{"line":3,"column":0},"end":{"line":3,"column":61}},"3":{"start":{"line":5,"column":0},"end":{"line":5,"column":38}},"4":{"start":{"line":8,"column":0},"end":{"line":14,"column":null}},"5":{"start":{"line":10,"column":4},"end":{"line":10,"column":null}},"6":{"start":{"line":13,"column":4},"end":{"line":13,"column":null}},"7":{"start":{"line":8,"column":6},"end":{"line":14,"column":null}},"8":{"start":{"line":16,"column":0},"end":{"line":25,"column":null}},"9":{"start":{"line":18,"column":4},"end":{"line":18,"column":null}},"10":{"start":{"line":21,"column":4},"end":{"line":21,"column":null}},"11":{"start":{"line":24,"column":4},"end":{"line":24,"column":null}},"12":{"start":{"line":16,"column":6},"end":{"line":25,"column":null}},"13":{"start":{"line":28,"column":0},"end":{"line":40,"column":null}},"14":{"start":{"line":30,"column":4},"end":{"line":30,"column":null}},"15":{"start":{"line":33,"column":4},"end":{"line":33,"column":null}},"16":{"start":{"line":36,"column":4},"end":{"line":36,"column":null}},"17":{"start":{"line":39,"column":4},"end":{"line":39,"column":null}},"18":{"start":{"line":28,"column":6},"end":{"line":40,"column":null}},"19":{"start":{"line":43,"column":0},"end":{"line":107,"column":null}},"20":{"start":{"line":51,"column":21},"end":{"line":51,"column":69}},"21":{"start":{"line":52,"column":8},"end":{"line":54,"column":null}},"22":{"start":{"line":53,"column":12},"end":{"line":53,"column":53}},"23":{"start":{"line":55,"column":8},"end":{"line":55,"column":27}},"24":{"start":{"line":64,"column":8},"end":{"line":66,"column":null}},"25":{"start":{"line":65,"column":12},"end":{"line":65,"column":null}},"26":{"start":{"line":68,"column":21},"end":{"line":68,"column":69}},"27":{"start":{"line":69,"column":8},"end":{"line":71,"column":null}},"28":{"start":{"line":70,"column":12},"end":{"line":70,"column":null}},"29":{"start":{"line":73,"column":31},"end":{"line":73,"column":95}},"30":{"start":{"line":74,"column":8},"end":{"line":76,"column":null}},"31":{"start":{"line":75,"column":12},"end":{"line":75,"column":null}},"32":{"start":{"line":78,"column":8},"end":{"line":78,"column":63}},"33":{"start":{"line":79,"column":8},"end":{"line":79,"column":26}},"34":{"start":{"line":81,"column":22},"end":{"line":81,"column":39}},"35":{"start":{"line":82,"column":8},"end":{"line":82,"column":50}},"36":{"start":{"line":83,"column":8},"end":{"line":83,"column":46}},"37":{"start":{"line":84,"column":8},"end":{"line":84,"column":31}},"38":{"start":{"line":85,"column":8},"end":{"line":85,"column":41}},"39":{"start":{"line":86,"column":8},"end":{"line":86,"column":27}},"40":{"start":{"line":88,"column":8},"end":{"line":88,"column":21}},"41":{"start":{"line":97,"column":8},"end":{"line":97,"column":55}},"42":{"start":{"line":98,"column":8},"end":{"line":98,"column":20}},"43":{"start":{"line":104,"column":8},"end":{"line":104,"column":42}},"44":{"start":{"line":105,"column":8},"end":{"line":105,"column":20}},"45":{"start":{"line":48,"column":4},"end":{"line":56,"column":null}},"46":{"start":{"line":46,"column":16},"end":{"line":46,"column":23}},"47":{"start":{"line":60,"column":4},"end":{"line":89,"column":null}},"48":{"start":{"line":58,"column":18},"end":{"line":58,"column":31}},"49":{"start":{"line":93,"column":4},"end":{"line":99,"column":null}},"50":{"start":{"line":91,"column":20},"end":{"line":91,"column":27}},"51":{"start":{"line":94,"column":31},"end":{"line":94,"column":34}},"52":{"start":{"line":95,"column":34},"end":{"line":95,"column":50}},"53":{"start":{"line":103,"column":4},"end":{"line":106,"column":null}},"54":{"start":{"line":101,"column":20},"end":{"line":101,"column":27}},"55":{"start":{"line":103,"column":45},"end":{"line":103,"column":48}},"56":{"start":{"line":43,"column":13},"end":{"line":107,"column":null}},"57":{"start":{"line":43,"column":13},"end":{"line":43,"column":26}}},"fnMap":{"0":{"name":"(anonymous_11)","decl":{"start":{"line":48,"column":10},"end":{"line":48,"column":19}},"loc":{"start":{"line":49,"column":34},"end":{"line":56,"column":null}}},"1":{"name":"(anonymous_13)","decl":{"start":{"line":60,"column":10},"end":{"line":60,"column":20}},"loc":{"start":{"line":62,"column":34},"end":{"line":89,"column":null}}},"2":{"name":"(anonymous_15)","decl":{"start":{"line":93,"column":10},"end":{"line":93,"column":21}},"loc":{"start":{"line":95,"column":81},"end":{"line":99,"column":null}}},"3":{"name":"(anonymous_17)","decl":{"start":{"line":103,"column":10},"end":{"line":103,"column":21}},"loc":{"start":{"line":103,"column":66},"end":{"line":106,"column":null}}},"4":{"name":"(anonymous_19)","decl":{"start":{"line":46,"column":11},"end":{"line":46,"column":13}},"loc":{"start":{"line":46,"column":16},"end":{"line":46,"column":23}}},"5":{"name":"(anonymous_20)","decl":{"start":{"line":58,"column":14},"end":{"line":58,"column":16}},"loc":{"start":{"line":58,"column":18},"end":{"line":58,"column":31}}},"6":{"name":"(anonymous_21)","decl":{"start":{"line":91,"column":14},"end":{"line":91,"column":17}},"loc":{"start":{"line":91,"column":20},"end":{"line":91,"column":27}}},"7":{"name":"(anonymous_22)","decl":{"start":{"line":94,"column":25},"end":{"line":94,"column":28}},"loc":{"start":{"line":94,"column":31},"end":{"line":94,"column":34}}},"8":{"name":"(anonymous_23)","decl":{"start":{"line":95,"column":28},"end":{"line":95,"column":31}},"loc":{"start":{"line":95,"column":34},"end":{"line":95,"column":50}}},"9":{"name":"(anonymous_24)","decl":{"start":{"line":101,"column":14},"end":{"line":101,"column":17}},"loc":{"start":{"line":101,"column":20},"end":{"line":101,"column":27}}},"10":{"name":"(anonymous_25)","decl":{"start":{"line":103,"column":39},"end":{"line":103,"column":42}},"loc":{"start":{"line":103,"column":45},"end":{"line":103,"column":48}}}},"branchMap":{"0":{"loc":{"start":{"line":51,"column":51},"end":{"line":51,"column":66}},"type":"cond-expr","locations":[{"start":{"line":51,"column":58},"end":{"line":51,"column":60}},{"start":{"line":51,"column":51},"end":{"line":51,"column":66}}]},"1":{"loc":{"start":{"line":51,"column":51},"end":{"line":51,"column":60}},"type":"binary-expr","locations":[{"start":{"line":51,"column":51},"end":{"line":51,"column":60}},{"start":{"line":51,"column":51},"end":{"line":51,"column":60}}]},"2":{"loc":{"start":{"line":52,"column":8},"end":{"line":54,"column":null}},"type":"if","locations":[{"start":{"line":52,"column":8},"end":{"line":54,"column":null}}]},"3":{"loc":{"start":{"line":64,"column":8},"end":{"line":66,"column":null}},"type":"if","locations":[{"start":{"line":64,"column":8},"end":{"line":66,"column":null}}]},"4":{"loc":{"start":{"line":68,"column":51},"end":{"line":68,"column":66}},"type":"cond-expr","locations":[{"start":{"line":68,"column":58},"end":{"line":68,"column":60}},{"start":{"line":68,"column":51},"end":{"line":68,"column":66}}]},"5":{"loc":{"start":{"line":68,"column":51},"end":{"line":68,"column":60}},"type":"binary-expr","locations":[{"start":{"line":68,"column":51},"end":{"line":68,"column":60}},{"start":{"line":68,"column":51},"end":{"line":68,"column":60}}]},"6":{"loc":{"start":{"line":69,"column":8},"end":{"line":71,"column":null}},"type":"if","locations":[{"start":{"line":69,"column":8},"end":{"line":71,"column":null}}]},"7":{"loc":{"start":{"line":74,"column":8},"end":{"line":76,"column":null}},"type":"if","locations":[{"start":{"line":74,"column":8},"end":{"line":76,"column":null}}]}},"s":{"0":2,"1":2,"2":2,"3":2,"4":2,"5":2,"6":2,"7":2,"8":2,"9":2,"10":2,"11":2,"12":2,"13":2,"14":2,"15":2,"16":2,"17":2,"18":2,"19":2,"20":2,"21":2,"22":1,"23":1,"24":7,"25":1,"26":6,"27":6,"28":1,"29":5,"30":5,"31":1,"32":4,"33":4,"34":4,"35":4,"36":4,"37":4,"38":4,"39":4,"40":4,"41":1,"42":1,"43":1,"44":1,"45":2,"46":2,"47":2,"48":2,"49":2,"50":2,"51":4,"52":4,"53":2,"54":2,"55":4,"56":2,"57":2},"f":{"0":2,"1":7,"2":1,"3":1,"4":2,"5":2,"6":2,"7":4,"8":4,"9":2,"10":4},"b":{"0":[0,2],"1":[2,2],"2":[1],"3":[1],"4":[0,6],"5":[6,6],"6":[1],"7":[1]}}
,"C:\\Users\\sukhadanga\\Desktop\\Leave Management System\\leave-management-system-nodejs-graphql\\src\\resolvers\\UserResolver.ts": {"path":"C:\\Users\\sukhadanga\\Desktop\\Leave Management System\\leave-management-system-nodejs-graphql\\src\\resolvers\\UserResolver.ts","statementMap":{"0":{"start":{"line":1,"column":0},"end":{"line":1,"column":117}},"1":{"start":{"line":2,"column":0},"end":{"line":2,"column":38}},"2":{"start":{"line":3,"column":0},"end":{"line":3,"column":43}},"3":{"start":{"line":4,"column":0},"end":{"line":4,"column":50}},"4":{"start":{"line":5,"column":0},"end":{"line":5,"column":72}},"5":{"start":{"line":6,"column":0},"end":{"line":6,"column":61}},"6":{"start":{"line":8,"column":0},"end":{"line":8,"column":56}},"7":{"start":{"line":11,"column":0},"end":{"line":27,"column":null}},"8":{"start":{"line":15,"column":4},"end":{"line":15,"column":null}},"9":{"start":{"line":20,"column":4},"end":{"line":20,"column":null}},"10":{"start":{"line":23,"column":4},"end":{"line":23,"column":null}},"11":{"start":{"line":26,"column":4},"end":{"line":26,"column":null}},"12":{"start":{"line":25,"column":15},"end":{"line":25,"column":18}},"13":{"start":{"line":11,"column":6},"end":{"line":27,"column":null}},"14":{"start":{"line":30,"column":0},"end":{"line":36,"column":null}},"15":{"start":{"line":32,"column":4},"end":{"line":32,"column":null}},"16":{"start":{"line":35,"column":4},"end":{"line":35,"column":null}},"17":{"start":{"line":30,"column":6},"end":{"line":36,"column":null}},"18":{"start":{"line":39,"column":0},"end":{"line":45,"column":null}},"19":{"start":{"line":41,"column":4},"end":{"line":41,"column":null}},"20":{"start":{"line":44,"column":4},"end":{"line":44,"column":null}},"21":{"start":{"line":39,"column":6},"end":{"line":45,"column":null}},"22":{"start":{"line":49,"column":0},"end":{"line":99,"column":null}},"23":{"start":{"line":57,"column":8},"end":{"line":57,"column":null}},"24":{"start":{"line":64,"column":8},"end":{"line":64,"column":33}},"25":{"start":{"line":72,"column":31},"end":{"line":72,"column":67}},"26":{"start":{"line":74,"column":8},"end":{"line":74,"column":37}},"27":{"start":{"line":76,"column":8},"end":{"line":76,"column":46}},"28":{"start":{"line":85,"column":21},"end":{"line":85,"column":73}},"29":{"start":{"line":86,"column":12},"end":{"line":88,"column":null}},"30":{"start":{"line":87,"column":16},"end":{"line":87,"column":56}},"31":{"start":{"line":90,"column":26},"end":{"line":90,"column":75}},"32":{"start":{"line":91,"column":12},"end":{"line":93,"column":null}},"33":{"start":{"line":92,"column":16},"end":{"line":92,"column":53}},"34":{"start":{"line":94,"column":12},"end":{"line":97,"column":14}},"35":{"start":{"line":54,"column":4},"end":{"line":58,"column":null}},"36":{"start":{"line":52,"column":20},"end":{"line":52,"column":24}},"37":{"start":{"line":63,"column":4},"end":{"line":65,"column":null}},"38":{"start":{"line":61,"column":16},"end":{"line":61,"column":22}},"39":{"start":{"line":69,"column":4},"end":{"line":77,"column":null}},"40":{"start":{"line":68,"column":18},"end":{"line":68,"column":22}},"41":{"start":{"line":81,"column":4},"end":{"line":98,"column":null}},"42":{"start":{"line":80,"column":19},"end":{"line":80,"column":32}},"43":{"start":{"line":82,"column":32},"end":{"line":82,"column":42}},"44":{"start":{"line":49,"column":13},"end":{"line":99,"column":null}},"45":{"start":{"line":49,"column":13},"end":{"line":49,"column":25}}},"fnMap":{"0":{"name":"(anonymous_17)","decl":{"start":{"line":25,"column":11},"end":{"line":25,"column":13}},"loc":{"start":{"line":25,"column":15},"end":{"line":25,"column":18}}},"1":{"name":"(anonymous_18)","decl":{"start":{"line":54,"column":10},"end":{"line":54,"column":17}},"loc":{"start":{"line":55,"column":34},"end":{"line":58,"column":null}}},"2":{"name":"(anonymous_20)","decl":{"start":{"line":63,"column":10},"end":{"line":63,"column":21}},"loc":{"start":{"line":63,"column":21},"end":{"line":65,"column":null}}},"3":{"name":"(anonymous_22)","decl":{"start":{"line":69,"column":10},"end":{"line":69,"column":16}},"loc":{"start":{"line":70,"column":35},"end":{"line":77,"column":null}}},"4":{"name":"(anonymous_24)","decl":{"start":{"line":81,"column":10},"end":{"line":81,"column":15}},"loc":{"start":{"line":82,"column":65},"end":{"line":98,"column":null}}},"5":{"name":"(anonymous_26)","decl":{"start":{"line":52,"column":11},"end":{"line":52,"column":12}},"loc":{"start":{"line":52,"column":20},"end":{"line":52,"column":24}}},"6":{"name":"(anonymous_27)","decl":{"start":{"line":61,"column":12},"end":{"line":61,"column":14}},"loc":{"start":{"line":61,"column":16},"end":{"line":61,"column":22}}},"7":{"name":"(anonymous_28)","decl":{"start":{"line":68,"column":14},"end":{"line":68,"column":16}},"loc":{"start":{"line":68,"column":18},"end":{"line":68,"column":22}}},"8":{"name":"(anonymous_29)","decl":{"start":{"line":80,"column":15},"end":{"line":80,"column":17}},"loc":{"start":{"line":80,"column":19},"end":{"line":80,"column":32}}},"9":{"name":"(anonymous_30)","decl":{"start":{"line":82,"column":27},"end":{"line":82,"column":29}},"loc":{"start":{"line":82,"column":32},"end":{"line":82,"column":42}}}},"branchMap":{"0":{"loc":{"start":{"line":57,"column":45},"end":{"line":57,"column":60}},"type":"cond-expr","locations":[{"start":{"line":57,"column":52},"end":{"line":57,"column":54}},{"start":{"line":57,"column":45},"end":{"line":57,"column":60}}]},"1":{"loc":{"start":{"line":57,"column":45},"end":{"line":57,"column":54}},"type":"binary-expr","locations":[{"start":{"line":57,"column":45},"end":{"line":57,"column":54}},{"start":{"line":57,"column":45},"end":{"line":57,"column":54}}]},"2":{"loc":{"start":{"line":86,"column":12},"end":{"line":88,"column":null}},"type":"if","locations":[{"start":{"line":86,"column":12},"end":{"line":88,"column":null}}]},"3":{"loc":{"start":{"line":91,"column":12},"end":{"line":93,"column":null}},"type":"if","locations":[{"start":{"line":91,"column":12},"end":{"line":93,"column":null}}]}},"s":{"0":2,"1":2,"2":2,"3":2,"4":2,"5":2,"6":2,"7":2,"8":2,"9":2,"10":2,"11":2,"12":4,"13":2,"14":2,"15":2,"16":2,"17":2,"18":2,"19":2,"20":2,"21":2,"22":2,"23":1,"24":1,"25":1,"26":1,"27":1,"28":3,"29":3,"30":1,"31":2,"32":2,"33":1,"34":1,"35":2,"36":2,"37":2,"38":2,"39":2,"40":2,"41":2,"42":2,"43":8,"44":2,"45":2},"f":{"0":4,"1":1,"2":1,"3":1,"4":3,"5":2,"6":2,"7":2,"8":2,"9":8},"b":{"0":[0,1],"1":[1,1],"2":[1],"3":[1]}}
,"C:\\Users\\sukhadanga\\Desktop\\Leave Management System\\leave-management-system-nodejs-graphql\\src\\test-utils\\gCall.ts": {"path":"C:\\Users\\sukhadanga\\Desktop\\Leave Management System\\leave-management-system-nodejs-graphql\\src\\test-utils\\gCall.ts","statementMap":{"0":{"start":{"line":1,"column":0},"end":{"line":1,"column":49}},"1":{"start":{"line":2,"column":0},"end":{"line":2,"column":59}},"2":{"start":{"line":3,"column":0},"end":{"line":3,"column":57}},"3":{"start":{"line":4,"column":0},"end":{"line":4,"column":43}},"4":{"start":{"line":15,"column":21},"end":{"line":42,"column":6}},"5":{"start":{"line":19,"column":13},"end":{"line":42,"column":6}},"6":{"start":{"line":20,"column":8},"end":{"line":25,"column":null}},"7":{"start":{"line":21,"column":12},"end":{"line":24,"column":null}},"8":{"start":{"line":26,"column":8},"end":{"line":41,"column":11}},"9":{"start":{"line":15,"column":13},"end":{"line":15,"column":21}}},"fnMap":{"0":{"name":"(anonymous_7)","decl":{"start":{"line":15,"column":21},"end":{"line":15,"column":27}},"loc":{"start":{"line":19,"column":13},"end":{"line":42,"column":6}}},"1":{"name":"(anonymous_8)","decl":{"start":{"line":19,"column":13},"end":{"line":19,"column":null}},"loc":{"start":{"line":19,"column":13},"end":{"line":42,"column":5}}}},"branchMap":{"0":{"loc":{"start":{"line":20,"column":8},"end":{"line":25,"column":null}},"type":"if","locations":[{"start":{"line":20,"column":8},"end":{"line":25,"column":null}}]}},"s":{"0":2,"1":2,"2":2,"3":2,"4":2,"5":18,"6":18,"7":2,"8":18,"9":2},"f":{"0":18,"1":18},"b":{"0":[2]}}
,"C:\\Users\\sukhadanga\\Desktop\\Leave Management System\\leave-management-system-nodejs-graphql\\src\\test-utils\\testConn.ts": {"path":"C:\\Users\\sukhadanga\\Desktop\\Leave Management System\\leave-management-system-nodejs-graphql\\src\\test-utils\\testConn.ts","statementMap":{"0":{"start":{"line":1,"column":0},"end":{"line":1,"column":43}},"1":{"start":{"line":3,"column":24},"end":{"line":16,"column":1}},"2":{"start":{"line":4,"column":4},"end":{"line":15,"column":7}},"3":{"start":{"line":3,"column":13},"end":{"line":3,"column":24}}},"fnMap":{"0":{"name":"(anonymous_0)","decl":{"start":{"line":3,"column":24},"end":{"line":3,"column":25}},"loc":{"start":{"line":3,"column":49},"end":{"line":16,"column":1}}}},"branchMap":{"0":{"loc":{"start":{"line":3,"column":25},"end":{"line":3,"column":45}},"type":"default-arg","locations":[{"start":{"line":3,"column":40},"end":{"line":3,"column":45}}]}},"s":{"0":2,"1":2,"2":2,"3":2},"f":{"0":2},"b":{"0":[2]}}
}
