TN:
SF:src\config\Authorize.ts
FN:4,(anonymous_0)
FNF:1
FNH:1
FNDA:3,(anonymous_0)
DA:2,2
DA:4,2
DA:5,3
LF:3
LH:3
BRF:0
BRH:0
end_of_record
TN:
SF:src\decorators\isEmailAlreadyExist.ts
FN:12,(anonymous_1)
FN:13,(anonymous_2)
FN:20,IsEmailAlreadyExist
FN:21,(anonymous_4)
FNF:4
FNH:4
FNDA:2,(anonymous_1)
FNDA:2,(anonymous_2)
FNDA:2,IsEmailAlreadyExist
FNDA:2,(anonymous_4)
DA:1,2
DA:8,2
DA:11,2
DA:13,2
DA:14,2
DA:15,1
DA:20,2
DA:21,2
DA:22,2
LF:9
LH:9
BRDA:14,0,0,1
BRF:1
BRH:1
end_of_record
TN:
SF:src\entity\Leave.ts
FN:9,(anonymous_2)
FN:25,(anonymous_3)
FN:25,(anonymous_4)
FNF:3
FNH:3
FNDA:2,(anonymous_2)
FNDA:2,(anonymous_3)
FNDA:2,(anonymous_4)
DA:1,2
DA:2,2
DA:3,2
DA:7,2
DA:9,2
DA:11,2
DA:15,2
DA:19,2
DA:23,2
DA:25,2
DA:26,2
LF:11
LH:11
BRF:0
BRH:0
end_of_record
TN:
SF:src\entity\User.ts
FN:10,(anonymous_2)
FN:25,(anonymous_3)
FN:30,(anonymous_4)
FN:31,(anonymous_5)
FN:31,(anonymous_6)
FNF:5
FNH:5
FNDA:2,(anonymous_2)
FNDA:2,(anonymous_3)
FNDA:2,(anonymous_4)
FNDA:2,(anonymous_5)
FNDA:2,(anonymous_6)
DA:1,2
DA:2,2
DA:3,2
DA:4,2
DA:8,2
DA:10,2
DA:12,2
DA:16,2
DA:20,2
DA:23,2
DA:25,2
DA:28,2
DA:30,2
DA:31,2
DA:32,2
LF:15
LH:15
BRF:0
BRH:0
end_of_record
TN:
SF:src\resolvers\LeaveResolver.ts
FN:48,(anonymous_11)
FN:60,(anonymous_13)
FN:93,(anonymous_15)
FN:103,(anonymous_17)
FN:46,(anonymous_19)
FN:58,(anonymous_20)
FN:91,(anonymous_21)
FN:94,(anonymous_22)
FN:95,(anonymous_23)
FN:101,(anonymous_24)
FN:103,(anonymous_25)
FNF:11
FNH:11
FNDA:2,(anonymous_11)
FNDA:7,(anonymous_13)
FNDA:1,(anonymous_15)
FNDA:1,(anonymous_17)
FNDA:2,(anonymous_19)
FNDA:2,(anonymous_20)
FNDA:2,(anonymous_21)
FNDA:4,(anonymous_22)
FNDA:4,(anonymous_23)
FNDA:2,(anonymous_24)
FNDA:4,(anonymous_25)
DA:1,2
DA:2,2
DA:3,2
DA:5,2
DA:8,2
DA:10,2
DA:13,2
DA:16,2
DA:18,2
DA:21,2
DA:24,2
DA:28,2
DA:30,2
DA:33,2
DA:36,2
DA:39,2
DA:43,2
DA:46,2
DA:48,2
DA:51,2
DA:52,2
DA:53,1
DA:55,1
DA:58,2
DA:60,2
DA:64,7
DA:65,1
DA:68,6
DA:69,6
DA:70,1
DA:73,5
DA:74,5
DA:75,1
DA:78,4
DA:79,4
DA:81,4
DA:82,4
DA:83,4
DA:84,4
DA:85,4
DA:86,4
DA:88,4
DA:91,2
DA:93,2
DA:94,4
DA:95,4
DA:97,1
DA:98,1
DA:101,2
DA:103,4
DA:104,1
DA:105,1
LF:52
LH:52
BRDA:51,0,0,0
BRDA:51,0,1,2
BRDA:51,1,0,2
BRDA:51,1,1,2
BRDA:52,2,0,1
BRDA:64,3,0,1
BRDA:68,4,0,0
BRDA:68,4,1,6
BRDA:68,5,0,6
BRDA:68,5,1,6
BRDA:69,6,0,1
BRDA:74,7,0,1
BRF:12
BRH:10
end_of_record
TN:
SF:src\resolvers\UserResolver.ts
FN:25,(anonymous_17)
FN:54,(anonymous_18)
FN:63,(anonymous_20)
FN:69,(anonymous_22)
FN:81,(anonymous_24)
FN:52,(anonymous_26)
FN:61,(anonymous_27)
FN:68,(anonymous_28)
FN:80,(anonymous_29)
FN:82,(anonymous_30)
FNF:10
FNH:10
FNDA:4,(anonymous_17)
FNDA:1,(anonymous_18)
FNDA:1,(anonymous_20)
FNDA:1,(anonymous_22)
FNDA:3,(anonymous_24)
FNDA:2,(anonymous_26)
FNDA:2,(anonymous_27)
FNDA:2,(anonymous_28)
FNDA:2,(anonymous_29)
FNDA:8,(anonymous_30)
DA:1,2
DA:2,2
DA:3,2
DA:4,2
DA:5,2
DA:6,2
DA:8,2
DA:11,2
DA:15,2
DA:20,2
DA:23,2
DA:25,4
DA:26,2
DA:30,2
DA:32,2
DA:35,2
DA:39,2
DA:41,2
DA:44,2
DA:49,2
DA:52,2
DA:54,2
DA:57,1
DA:61,2
DA:63,2
DA:64,1
DA:68,2
DA:69,2
DA:72,1
DA:74,1
DA:76,1
DA:80,2
DA:81,2
DA:82,8
DA:85,3
DA:86,3
DA:87,1
DA:90,2
DA:91,2
DA:92,1
DA:94,1
LF:41
LH:41
BRDA:57,0,0,0
BRDA:57,0,1,1
BRDA:57,1,0,1
BRDA:57,1,1,1
BRDA:86,2,0,1
BRDA:91,3,0,1
BRF:6
BRH:5
end_of_record
TN:
SF:src\test-utils\gCall.ts
FN:15,(anonymous_7)
FN:19,(anonymous_8)
FNF:2
FNH:2
FNDA:18,(anonymous_7)
FNDA:18,(anonymous_8)
DA:1,2
DA:2,2
DA:3,2
DA:4,2
DA:15,2
DA:19,18
DA:20,18
DA:21,2
DA:26,18
LF:9
LH:9
BRDA:20,0,0,2
BRF:1
BRH:1
end_of_record
TN:
SF:src\test-utils\testConn.ts
FN:3,(anonymous_0)
FNF:1
FNH:1
FNDA:2,(anonymous_0)
DA:1,2
DA:3,2
DA:4,2
LF:3
LH:3
BRDA:3,0,0,2
BRF:1
BRH:1
end_of_record
